2021-10-06 00:14:32,807|azureml|DEBUG|Inputs:: kwargs: {'OutputCollection': True, 'EnableMLflowTracking': True, 'snapshotProject': True}, track_folders: None, deny_list: None, directories_to_watch: ['logs', 'logs/azureml']
2021-10-06 00:14:32,825|azureml.history._tracking.PythonWorkingDirectory|DEBUG|Execution target type: none
2021-10-06 00:14:32,826|azureml.history._tracking.PythonWorkingDirectory|DEBUG|Failed to import pyspark with error: No module named 'pyspark'
2021-10-06 00:14:32,826|azureml.history._tracking.PythonWorkingDirectory.workingdir|DEBUG|Pinning working directory for filesystems: ['pyfs']
2021-10-06 00:14:33,181|azureml.core.run|DEBUG|Adding new factory <function ScriptRun._from_run_dto at 0x7fd536b62488> for run source azureml.scriptrun
2021-10-06 00:14:33,182|azureml.core.run|DEBUG|Identity in use is not set. Falling back to using AMLToken
2021-10-06 00:14:33,182|azureml.core.run|DEBUG|Using AMLToken auth for remote run
2021-10-06 00:14:33,183|azureml.core.authentication.TokenRefresherDaemon|DEBUG|Starting daemon and triggering first instance
2021-10-06 00:14:33,190|azureml._restclient.clientbase|INFO|Created a worker pool for first use
2021-10-06 00:14:33,190|azureml.core.authentication|DEBUG|Time to expire 1814341.809148 seconds
2021-10-06 00:14:33,190|azureml._restclient.service_context|DEBUG|Created a static thread pool for ServiceContext class
2021-10-06 00:14:33,191|azureml._base_sdk_common.service_discovery|DEBUG|Found history service url in environment variable AZUREML_SERVICE_ENDPOINT, history service url: https://eastus.api.azureml.ms.
2021-10-06 00:14:33,191|azureml._base_sdk_common.service_discovery|DEBUG|Found history service url in environment variable AZUREML_SERVICE_ENDPOINT, history service url: https://eastus.api.azureml.ms.
2021-10-06 00:14:33,191|azureml._base_sdk_common.service_discovery|DEBUG|Found history service url in environment variable AZUREML_SERVICE_ENDPOINT, history service url: https://eastus.api.azureml.ms.
2021-10-06 00:14:33,191|azureml._base_sdk_common.service_discovery|DEBUG|Found history service url in environment variable AZUREML_SERVICE_ENDPOINT, history service url: https://eastus.api.azureml.ms.
2021-10-06 00:14:33,191|azureml._base_sdk_common.service_discovery|DEBUG|Found history service url in environment variable AZUREML_SERVICE_ENDPOINT, history service url: https://eastus.api.azureml.ms.
2021-10-06 00:14:33,191|azureml._base_sdk_common.service_discovery|DEBUG|Found history service url in environment variable AZUREML_SERVICE_ENDPOINT, history service url: https://eastus.api.azureml.ms.
2021-10-06 00:14:33,191|azureml._base_sdk_common.service_discovery|DEBUG|Found history service url in environment variable AZUREML_SERVICE_ENDPOINT, history service url: https://eastus.api.azureml.ms.
2021-10-06 00:14:33,314|azureml._SubmittedRun#mslearn-diabetes_1633479214_9b084b75.RunHistoryFacade.RunClient.get_by_exp_id-async:False|DEBUG|[START]
2021-10-06 00:14:33,314|azureml._SubmittedRun#mslearn-diabetes_1633479214_9b084b75.RunHistoryFacade.RunClient|DEBUG|ClientBase: Calling get_by_exp_id with url /history/v1.0/subscriptions/{subscriptionId}/resourceGroups/{resourceGroupName}/providers/Microsoft.MachineLearningServices/workspaces/{workspaceName}/experimentids/{experimentId}/runs/{runId}
2021-10-06 00:14:33,373|azureml._SubmittedRun#mslearn-diabetes_1633479214_9b084b75.RunHistoryFacade.RunClient.get_by_exp_id-async:False|DEBUG|[STOP]
2021-10-06 00:14:33,374|azureml._SubmittedRun#mslearn-diabetes_1633479214_9b084b75|DEBUG|Constructing run from dto. type: azureml.scriptrun, source: None, props: {'_azureml.ComputeTargetType': 'local', 'ContentSnapshotId': '465af195-a398-418c-a5b5-d1426c0e5d91', 'azureml.git.repository_uri': 'https://github.com/JavierMedel/mslearn-dp100.git', 'mlflow.source.git.repoURL': 'https://github.com/JavierMedel/mslearn-dp100.git', 'azureml.git.branch': 'main', 'mlflow.source.git.branch': 'main', 'azureml.git.commit': '9da52015c89bd32f5854e40a0351f1307aa06ef1', 'mlflow.source.git.commit': '9da52015c89bd32f5854e40a0351f1307aa06ef1', 'azureml.git.dirty': 'True'}
2021-10-06 00:14:33,374|azureml._SubmittedRun#mslearn-diabetes_1633479214_9b084b75.RunContextManager|DEBUG|Valid logs dir, setting up content loader
2021-10-06 00:14:33,822|azureml|DEBUG|Installed with mlflow version 1.20.2.
2021-10-06 00:14:33,822|azureml.mlflow|DEBUG|Setting up a Remote MLflow run
2021-10-06 00:14:33,823|azureml.mlflow|DEBUG|Creating a tracking uri in eastus.api.azureml.ms for workspace /subscriptions/448781ce-ecdd-4bf3-91e9-5674666ebec1/resourceGroups/ict-915-02-jmdl/providers/Microsoft.MachineLearningServices/workspaces/ict-915-02-jmdl
2021-10-06 00:14:33,823|azureml.mlflow|DEBUG|Setting MLflow tracking uri env var
2021-10-06 00:14:33,823|azureml.mlflow|DEBUG|Setting MLflow run id env var with mslearn-diabetes_1633479214_9b084b75
2021-10-06 00:14:33,823|azureml.mlflow|DEBUG|Setting Mlflow experiment with mslearn-diabetes
2021-10-06 00:14:33,824|azureml.mlflow|DEBUG|Setting the mlflow tag mlflow.source.type
2021-10-06 00:14:33,825|azureml.mlflow|DEBUG|Setting the mlflow tag mlflow.source.name
2021-10-06 00:14:33,825|azureml._SubmittedRun#mslearn-diabetes_1633479214_9b084b75.RunHistoryFacade.RunClient.get_details-async:False|DEBUG|[START]
2021-10-06 00:14:33,825|azureml._SubmittedRun#mslearn-diabetes_1633479214_9b084b75.RunHistoryFacade.RunClient|DEBUG|ClientBase: Calling get_details with url /history/v1.0/subscriptions/{subscriptionId}/resourceGroups/{resourceGroupName}/providers/Microsoft.MachineLearningServices/workspaces/{workspaceName}/experiments/{experimentName}/runs/{runId}/details
2021-10-06 00:14:34,109|azureml._SubmittedRun#mslearn-diabetes_1633479214_9b084b75.RunHistoryFacade.RunClient.get_details-async:False|DEBUG|[STOP]
2021-10-06 00:14:34,111|azureml._SubmittedRun#mslearn-diabetes_1633479214_9b084b75.RunHistoryFacade.RunClient.patch_by_exp_id-async:False|DEBUG|[START]
2021-10-06 00:14:34,111|azureml._SubmittedRun#mslearn-diabetes_1633479214_9b084b75.RunHistoryFacade.RunClient|DEBUG|ClientBase: Calling patch_by_exp_id with url /history/v1.0/subscriptions/{subscriptionId}/resourceGroups/{resourceGroupName}/providers/Microsoft.MachineLearningServices/workspaces/{workspaceName}/experimentids/{experimentId}/runs/{runId}
2021-10-06 00:14:34,206|azureml._SubmittedRun#mslearn-diabetes_1633479214_9b084b75.RunHistoryFacade.RunClient.patch_by_exp_id-async:False|DEBUG|[STOP]
2021-10-06 00:14:34,206|azureml.WorkerPool|DEBUG|[START]
2021-10-06 00:14:34,206|azureml.SendRunKillSignal|DEBUG|[START]
2021-10-06 00:14:34,206|azureml.RunStatusContext|DEBUG|[START]
2021-10-06 00:14:34,206|azureml._SubmittedRun#mslearn-diabetes_1633479214_9b084b75.RunContextManager.RunStatusContext|DEBUG|[START]
2021-10-06 00:14:34,206|azureml.MetricsClient|DEBUG|[START]
2021-10-06 00:14:34,206|azureml._SubmittedRun#mslearn-diabetes_1633479214_9b084b75.RunHistoryFacade.MetricsClient|DEBUG|[START]
2021-10-06 00:14:34,206|azureml.ContentUploader|DEBUG|[START]
2021-10-06 00:14:34,207|azureml._history.utils.context_managers|DEBUG|starting file watcher
2021-10-06 00:14:34,207|azureml._history.utils.context_managers.FileWatcher.UploadQueue|DEBUG|[Start]
2021-10-06 00:14:34,207|azureml.TrackFolders|DEBUG|[START]
2021-10-06 00:14:34,208|azureml.WorkingDirectoryCM|DEBUG|[START]
2021-10-06 00:14:34,208|azureml.history._tracking.PythonWorkingDirectory.workingdir|DEBUG|[START]
2021-10-06 00:14:34,208|azureml.history._tracking.PythonWorkingDirectory|INFO|Current working dir: /tmp/azureml_runs/mslearn-diabetes_1633479214_9b084b75
2021-10-06 00:14:34,208|azureml.history._tracking.PythonWorkingDirectory.workingdir|DEBUG|Calling pyfs
2021-10-06 00:14:34,208|azureml.history._tracking.PythonWorkingDirectory.workingdir|DEBUG|Storing working dir for pyfs as /tmp/azureml_runs/mslearn-diabetes_1633479214_9b084b75
2021-10-06 00:14:34,223|azureml.core.run|DEBUG|Identity in use is not set. Falling back to using AMLToken
2021-10-06 00:14:34,224|azureml.core.run|DEBUG|Using AMLToken auth for remote run
2021-10-06 00:14:34,224|azureml._restclient.service_context|DEBUG|Access an existing static threadpool for ServiceContext class
2021-10-06 00:14:34,224|azureml._base_sdk_common.service_discovery|DEBUG|Found history service url in environment variable AZUREML_SERVICE_ENDPOINT, history service url: https://eastus.api.azureml.ms.
2021-10-06 00:14:34,224|azureml._SubmittedRun#mslearn-diabetes_1633479214_9b084b75.RunHistoryFacade.ArtifactsClient.batch_create_empty_artifacts-async:False|DEBUG|[START]
2021-10-06 00:14:34,224|azureml._SubmittedRun#mslearn-diabetes_1633479214_9b084b75.RunHistoryFacade.ArtifactsClient|DEBUG|ClientBase: Calling batch_create_empty_artifacts with url /artifact/v2.0/subscriptions/{subscriptionId}/resourceGroups/{resourceGroupName}/providers/Microsoft.MachineLearningServices/workspaces/{workspaceName}/artifacts/batch/metadata/{origin}/{container}
2021-10-06 00:14:34,229|azureml._base_sdk_common.service_discovery|DEBUG|Found history service url in environment variable AZUREML_SERVICE_ENDPOINT, history service url: https://eastus.api.azureml.ms.
2021-10-06 00:14:34,229|azureml._base_sdk_common.service_discovery|DEBUG|Found history service url in environment variable AZUREML_SERVICE_ENDPOINT, history service url: https://eastus.api.azureml.ms.
2021-10-06 00:14:34,229|azureml._base_sdk_common.service_discovery|DEBUG|Found history service url in environment variable AZUREML_SERVICE_ENDPOINT, history service url: https://eastus.api.azureml.ms.
2021-10-06 00:14:34,230|azureml._base_sdk_common.service_discovery|DEBUG|Found history service url in environment variable AZUREML_SERVICE_ENDPOINT, history service url: https://eastus.api.azureml.ms.
2021-10-06 00:14:34,230|azureml._base_sdk_common.service_discovery|DEBUG|Found history service url in environment variable AZUREML_SERVICE_ENDPOINT, history service url: https://eastus.api.azureml.ms.
2021-10-06 00:14:34,230|azureml._base_sdk_common.service_discovery|DEBUG|Found history service url in environment variable AZUREML_SERVICE_ENDPOINT, history service url: https://eastus.api.azureml.ms.
2021-10-06 00:14:34,260|azureml._SubmittedRun#mslearn-diabetes_1633479214_9b084b75.RunHistoryFacade.RunClient.get_by_exp_id-async:False|DEBUG|[START]
2021-10-06 00:14:34,261|azureml._SubmittedRun#mslearn-diabetes_1633479214_9b084b75.RunHistoryFacade.RunClient|DEBUG|ClientBase: Calling get_by_exp_id with url /history/v1.0/subscriptions/{subscriptionId}/resourceGroups/{resourceGroupName}/providers/Microsoft.MachineLearningServices/workspaces/{workspaceName}/experimentids/{experimentId}/runs/{runId}
2021-10-06 00:14:34,317|azureml._SubmittedRun#mslearn-diabetes_1633479214_9b084b75.RunHistoryFacade.RunClient.get_by_exp_id-async:False|DEBUG|[STOP]
2021-10-06 00:14:34,318|azureml._SubmittedRun#mslearn-diabetes_1633479214_9b084b75|DEBUG|Constructing run from dto. type: azureml.scriptrun, source: None, props: {'_azureml.ComputeTargetType': 'local', 'ContentSnapshotId': '465af195-a398-418c-a5b5-d1426c0e5d91', 'azureml.git.repository_uri': 'https://github.com/JavierMedel/mslearn-dp100.git', 'mlflow.source.git.repoURL': 'https://github.com/JavierMedel/mslearn-dp100.git', 'azureml.git.branch': 'main', 'mlflow.source.git.branch': 'main', 'azureml.git.commit': '9da52015c89bd32f5854e40a0351f1307aa06ef1', 'mlflow.source.git.commit': '9da52015c89bd32f5854e40a0351f1307aa06ef1', 'azureml.git.dirty': 'True'}
2021-10-06 00:14:34,318|azureml._SubmittedRun#mslearn-diabetes_1633479214_9b084b75.RunContextManager|DEBUG|Valid logs dir, setting up content loader
2021-10-06 00:14:34,333|azureml._SubmittedRun#mslearn-diabetes_1633479214_9b084b75.RunHistoryFacade.MetricsClient|DEBUG|Overrides: Max batch size: 50, batch cushion: 5, Interval: 1.
2021-10-06 00:14:34,333|azureml._SubmittedRun#mslearn-diabetes_1633479214_9b084b75.RunHistoryFacade.MetricsClient.PostMetricsBatchV2.PostMetricsBatchV2Daemon|DEBUG|Starting daemon and triggering first instance
2021-10-06 00:14:34,333|azureml._SubmittedRun#mslearn-diabetes_1633479214_9b084b75.RunHistoryFacade.MetricsClient|DEBUG|Used <class 'azureml._common.async_utils.batch_task_queue.BatchTaskQueue'> for use_batch=True.
2021-10-06 00:14:34,339|azureml._SubmittedRun#mslearn-diabetes_1633479214_9b084b75|INFO|complete is not setting status for submitted runs.
2021-10-06 00:14:34,339|azureml._SubmittedRun#mslearn-diabetes_1633479214_9b084b75.RunHistoryFacade.MetricsClient.FlushingMetricsClient|DEBUG|[START]
2021-10-06 00:14:34,339|azureml._SubmittedRun#mslearn-diabetes_1633479214_9b084b75.RunHistoryFacade.MetricsClient|DEBUG|Overrides: Max batch size: 50, batch cushion: 5, Interval: 1.
2021-10-06 00:14:34,339|azureml._SubmittedRun#mslearn-diabetes_1633479214_9b084b75.RunHistoryFacade.MetricsClient.PostMetricsBatch.PostMetricsBatchDaemon|DEBUG|Starting daemon and triggering first instance
2021-10-06 00:14:34,339|azureml._SubmittedRun#mslearn-diabetes_1633479214_9b084b75.RunHistoryFacade.MetricsClient|DEBUG|Used <class 'azureml._common.async_utils.batch_task_queue.BatchTaskQueue'> for use_batch=True.
2021-10-06 00:14:34,339|azureml._SubmittedRun#mslearn-diabetes_1633479214_9b084b75.RunHistoryFacade.MetricsClient.PostMetricsBatch.WaitFlushSource:MetricsClient|DEBUG|[START]
2021-10-06 00:14:34,339|azureml._SubmittedRun#mslearn-diabetes_1633479214_9b084b75.RunHistoryFacade.MetricsClient.PostMetricsBatch.WaitFlushSource:MetricsClient|DEBUG|flush timeout 300 is different from task queue timeout 120, using flush timeout
2021-10-06 00:14:34,339|azureml._SubmittedRun#mslearn-diabetes_1633479214_9b084b75.RunHistoryFacade.MetricsClient.PostMetricsBatch.WaitFlushSource:MetricsClient|DEBUG|Waiting 300 seconds on tasks: [].
2021-10-06 00:14:34,339|azureml._SubmittedRun#mslearn-diabetes_1633479214_9b084b75.RunHistoryFacade.MetricsClient.PostMetricsBatch|DEBUG|
2021-10-06 00:14:34,339|azureml._SubmittedRun#mslearn-diabetes_1633479214_9b084b75.RunHistoryFacade.MetricsClient.PostMetricsBatch.WaitFlushSource:MetricsClient|DEBUG|[STOP]
2021-10-06 00:14:34,339|azureml.BatchTaskQueueAdd_1_Batches|DEBUG|[Start]
2021-10-06 00:14:34,339|azureml.BatchTaskQueueAdd_1_Batches.WorkerPool|DEBUG|submitting future: _handle_batch
2021-10-06 00:14:34,340|azureml._SubmittedRun#mslearn-diabetes_1633479214_9b084b75.RunHistoryFacade.MetricsClient.PostMetricsBatchV2|DEBUG|Batch size 3.
2021-10-06 00:14:34,340|azureml.BatchTaskQueueAdd_1_Batches.0__handle_batch|DEBUG|Using basic handler - no exception handling
2021-10-06 00:14:34,340|azureml._restclient.service_context.WorkerPool|DEBUG|submitting future: _log_batch_v2
2021-10-06 00:14:34,340|azureml.BatchTaskQueueAdd_1_Batches|DEBUG|Adding task 0__handle_batch to queue of approximate size: 0
2021-10-06 00:14:34,341|azureml._SubmittedRun#mslearn-diabetes_1633479214_9b084b75.RunHistoryFacade.MetricsClient|DEBUG|Metrics Client: _log_batch_v2 is calling post_run_metrics posting 3 values.
2021-10-06 00:14:34,341|azureml._SubmittedRun#mslearn-diabetes_1633479214_9b084b75.RunHistoryFacade.MetricsClient.PostMetricsBatchV2.0__log_batch_v2|DEBUG|Using basic handler - no exception handling
2021-10-06 00:14:34,341|azureml.BatchTaskQueueAdd_1_Batches|DEBUG|[Stop] - waiting default timeout
2021-10-06 00:14:34,341|azureml._SubmittedRun#mslearn-diabetes_1633479214_9b084b75.RunHistoryFacade.MetricsClient._post_run_metrics_log_failed_validations-async:False|DEBUG|[START]
2021-10-06 00:14:34,341|azureml._SubmittedRun#mslearn-diabetes_1633479214_9b084b75.RunHistoryFacade.MetricsClient.PostMetricsBatchV2|DEBUG|Adding task 0__log_batch_v2 to queue of approximate size: 0
2021-10-06 00:14:34,342|azureml.BatchTaskQueueAdd_1_Batches.WaitFlushSource:BatchTaskQueueAdd_1_Batches|DEBUG|[START]
2021-10-06 00:14:34,342|azureml._SubmittedRun#mslearn-diabetes_1633479214_9b084b75.RunHistoryFacade.MetricsClient|DEBUG|ClientBase: Calling _post_run_metrics_log_failed_validations with url None
2021-10-06 00:14:34,342|azureml.BatchTaskQueueAdd_1_Batches.WaitFlushSource:BatchTaskQueueAdd_1_Batches|DEBUG|Overriding default flush timeout from None to 120
2021-10-06 00:14:34,346|azureml.BatchTaskQueueAdd_1_Batches.WaitFlushSource:BatchTaskQueueAdd_1_Batches|DEBUG|Waiting 120 seconds on tasks: [AsyncTask(0__handle_batch)].
2021-10-06 00:14:34,346|azureml.BatchTaskQueueAdd_1_Batches.0__handle_batch.WaitingTask|DEBUG|[START]
2021-10-06 00:14:34,346|azureml.BatchTaskQueueAdd_1_Batches.0__handle_batch.WaitingTask|DEBUG|Awaiter is BatchTaskQueueAdd_1_Batches
2021-10-06 00:14:34,346|azureml.BatchTaskQueueAdd_1_Batches.0__handle_batch.WaitingTask|DEBUG|[STOP]
2021-10-06 00:14:34,346|azureml.BatchTaskQueueAdd_1_Batches|DEBUG|
2021-10-06 00:14:34,346|azureml.BatchTaskQueueAdd_1_Batches.WaitFlushSource:BatchTaskQueueAdd_1_Batches|DEBUG|[STOP]
2021-10-06 00:14:34,347|azureml._SubmittedRun#mslearn-diabetes_1633479214_9b084b75.RunHistoryFacade.MetricsClient.PostMetricsBatchV2.WaitFlushSource:MetricsClient|DEBUG|[START]
2021-10-06 00:14:34,347|azureml._SubmittedRun#mslearn-diabetes_1633479214_9b084b75.RunHistoryFacade.MetricsClient.PostMetricsBatchV2.WaitFlushSource:MetricsClient|DEBUG|flush timeout 300 is different from task queue timeout 120, using flush timeout
2021-10-06 00:14:34,347|azureml._SubmittedRun#mslearn-diabetes_1633479214_9b084b75.RunHistoryFacade.MetricsClient.PostMetricsBatchV2.WaitFlushSource:MetricsClient|DEBUG|Waiting 300 seconds on tasks: [AsyncTask(0__log_batch_v2)].
2021-10-06 00:14:34,398|azureml._SubmittedRun#mslearn-diabetes_1633479214_9b084b75.RunHistoryFacade.ArtifactsClient.batch_create_empty_artifacts-async:False|DEBUG|[STOP]
2021-10-06 00:14:34,454|azureml._history.utils.context_managers.FileWatcher|DEBUG|uploading data to container: azureml blob: ExperimentRun/dcid.mslearn-diabetes_1633479214_9b084b75/logs/azureml/8320_azureml.log path: /tmp/azureml_runs/mslearn-diabetes_1633479214_9b084b75/logs/azureml/8320_azureml.log
2021-10-06 00:14:34,455|azureml._history.utils.context_managers.FileWatcher.UploadQueue.WorkerPool|DEBUG|submitting future: result
2021-10-06 00:14:34,455|azureml._history.utils.context_managers.FileWatcher.UploadQueue.0_result|DEBUG|Using basic handler - no exception handling
2021-10-06 00:14:34,455|azureml._history.utils.context_managers.FileWatcher.UploadQueue|DEBUG|Adding task 0_result to queue of approximate size: 0
2021-10-06 00:14:34,534|azureml._SubmittedRun#mslearn-diabetes_1633479214_9b084b75.RunHistoryFacade.MetricsClient._post_run_metrics_log_failed_validations-async:False|DEBUG|[STOP]
2021-10-06 00:14:34,597|azureml._SubmittedRun#mslearn-diabetes_1633479214_9b084b75.RunHistoryFacade.MetricsClient.PostMetricsBatchV2.0__log_batch_v2.WaitingTask|DEBUG|[START]
2021-10-06 00:14:34,597|azureml._SubmittedRun#mslearn-diabetes_1633479214_9b084b75.RunHistoryFacade.MetricsClient.PostMetricsBatchV2.0__log_batch_v2.WaitingTask|DEBUG|Awaiter is PostMetricsBatchV2
2021-10-06 00:14:34,598|azureml._SubmittedRun#mslearn-diabetes_1633479214_9b084b75.RunHistoryFacade.MetricsClient.PostMetricsBatchV2.0__log_batch_v2.WaitingTask|DEBUG|[STOP]
2021-10-06 00:14:34,598|azureml._SubmittedRun#mslearn-diabetes_1633479214_9b084b75.RunHistoryFacade.MetricsClient.PostMetricsBatchV2|DEBUG|Waiting on task: 0__log_batch_v2.
1 tasks left. Current duration of flush 5.8650970458984375e-05 seconds.

2021-10-06 00:14:34,598|azureml._SubmittedRun#mslearn-diabetes_1633479214_9b084b75.RunHistoryFacade.MetricsClient.PostMetricsBatchV2.WaitFlushSource:MetricsClient|DEBUG|[STOP]
2021-10-06 00:14:34,598|azureml._SubmittedRun#mslearn-diabetes_1633479214_9b084b75.RunHistoryFacade.MetricsClient.FlushingMetricsClient|DEBUG|[STOP]
2021-10-06 00:14:34,598|azureml._SubmittedRun#mslearn-diabetes_1633479214_9b084b75.RunHistoryFacade.MetricsClient.wait_on_ingest-async:False|DEBUG|[START]
2021-10-06 00:14:34,598|azureml._SubmittedRun#mslearn-diabetes_1633479214_9b084b75.RunHistoryFacade.MetricsClient|DEBUG|ClientBase: Calling wait_on_ingest with url /history/v1.0/subscriptions/{subscriptionId}/resourceGroups/{resourceGroupName}/providers/Microsoft.MachineLearningServices/workspaces/{workspaceName}/experiments/{experimentName}/runs/{runId}/metricsingest/wait
2021-10-06 00:14:34,655|azureml._SubmittedRun#mslearn-diabetes_1633479214_9b084b75.RunHistoryFacade.MetricsClient.wait_on_ingest-async:False|DEBUG|[STOP]
2021-10-06 00:14:39,661|azureml._restclient.clientbase|DEBUG|ClientBase: Calling update_status with url None
2021-10-06 00:14:39,713|azureml.history._tracking.PythonWorkingDirectory.workingdir|DEBUG|Uploading tracked directories: [], excluding []
2021-10-06 00:14:39,713|azureml.history._tracking.PythonWorkingDirectory.workingdir|DEBUG|Calling track for pyfs
2021-10-06 00:14:39,797|azureml.history._tracking.PythonWorkingDirectory.workingdir|DEBUG|Calling pyfs
2021-10-06 00:14:39,798|azureml.history._tracking.PythonWorkingDirectory|INFO|Current working dir: /tmp/azureml_runs/mslearn-diabetes_1633479214_9b084b75
2021-10-06 00:14:39,798|azureml.history._tracking.PythonWorkingDirectory.workingdir|DEBUG|Reverting working dir from /tmp/azureml_runs/mslearn-diabetes_1633479214_9b084b75 to /tmp/azureml_runs/mslearn-diabetes_1633479214_9b084b75
2021-10-06 00:14:39,798|azureml.history._tracking.PythonWorkingDirectory|INFO|Working dir is already updated /tmp/azureml_runs/mslearn-diabetes_1633479214_9b084b75
2021-10-06 00:14:39,798|azureml.history._tracking.PythonWorkingDirectory.workingdir|DEBUG|[STOP]
2021-10-06 00:14:39,798|azureml.WorkingDirectoryCM|DEBUG|[STOP]
2021-10-06 00:14:39,798|azureml.history._tracking.PythonWorkingDirectory.workingdir|DEBUG|Uploading tracked directories: ['./outputs'], excluding ['azureml-logs/driver_log']
2021-10-06 00:14:39,798|azureml.history._tracking.PythonWorkingDirectory.workingdir|DEBUG|Calling track for pyfs
2021-10-06 00:14:39,798|azureml.history._tracking.PythonWorkingDirectory|DEBUG|./outputs exists as directory, uploading..
2021-10-06 00:14:39,798|azureml.history._tracking.PythonWorkingDirectory|DEBUG|Found and adding path to upload: ./outputs/sample.csv
2021-10-06 00:14:39,798|azureml.history._tracking.PythonWorkingDirectory|DEBUG|Paths to upload is ['./outputs/sample.csv'] in dir ./outputs
2021-10-06 00:14:39,798|azureml._SubmittedRun#mslearn-diabetes_1633479214_9b084b75.RunHistoryFacade.ArtifactsClient.upload_files|DEBUG|Overriding default timeout to 300
2021-10-06 00:14:39,798|azureml._SubmittedRun#mslearn-diabetes_1633479214_9b084b75.RunHistoryFacade.ArtifactsClient.upload_files|DEBUG|[Start]
2021-10-06 00:14:39,798|azureml._SubmittedRun#mslearn-diabetes_1633479214_9b084b75.RunHistoryFacade.ArtifactsClient.batch_create_empty_artifacts-async:False|DEBUG|[START]
2021-10-06 00:14:39,798|azureml._SubmittedRun#mslearn-diabetes_1633479214_9b084b75.RunHistoryFacade.ArtifactsClient|DEBUG|ClientBase: Calling batch_create_empty_artifacts with url /artifact/v2.0/subscriptions/{subscriptionId}/resourceGroups/{resourceGroupName}/providers/Microsoft.MachineLearningServices/workspaces/{workspaceName}/artifacts/batch/metadata/{origin}/{container}
2021-10-06 00:14:39,964|azureml._SubmittedRun#mslearn-diabetes_1633479214_9b084b75.RunHistoryFacade.ArtifactsClient.batch_create_empty_artifacts-async:False|DEBUG|[STOP]
2021-10-06 00:14:39,964|azureml._restclient.service_context.WorkerPool|DEBUG|submitting future: perform_upload
2021-10-06 00:14:39,964|azureml._SubmittedRun#mslearn-diabetes_1633479214_9b084b75.RunHistoryFacade.ArtifactsClient.upload_files.0_perform_upload|DEBUG|Using basic handler - no exception handling
2021-10-06 00:14:39,964|azureml._SubmittedRun#mslearn-diabetes_1633479214_9b084b75.RunHistoryFacade.ArtifactsClient.upload_files|DEBUG|Adding task 0_perform_upload to queue of approximate size: 0
2021-10-06 00:14:39,964|azureml._SubmittedRun#mslearn-diabetes_1633479214_9b084b75.RunHistoryFacade.ArtifactsClient.upload_files|DEBUG|[Stop] - waiting default timeout
2021-10-06 00:14:39,964|azureml._SubmittedRun#mslearn-diabetes_1633479214_9b084b75.RunHistoryFacade.ArtifactsClient.upload_files.WaitFlushSource:upload_files|DEBUG|[START]
2021-10-06 00:14:39,964|azureml._SubmittedRun#mslearn-diabetes_1633479214_9b084b75.RunHistoryFacade.ArtifactsClient.upload_files.WaitFlushSource:upload_files|DEBUG|Overriding default flush timeout from None to 300
2021-10-06 00:14:39,965|azureml._SubmittedRun#mslearn-diabetes_1633479214_9b084b75.RunHistoryFacade.ArtifactsClient.upload_files.WaitFlushSource:upload_files|DEBUG|Waiting 300 seconds on tasks: [AsyncTask(0_perform_upload)].
2021-10-06 00:14:39,965|azureml._restclient.clientbase|DEBUG|ClientBase: Calling create_blob_from_stream with url None
2021-10-06 00:14:40,033|azureml._file_utils.upload|DEBUG|Uploaded blob ExperimentRun/dcid.mslearn-diabetes_1633479214_9b084b75/outputs/sample.csv with size 5502, file size 5502.
2021-10-06 00:14:40,215|azureml._SubmittedRun#mslearn-diabetes_1633479214_9b084b75.RunHistoryFacade.ArtifactsClient.upload_files.0_perform_upload.WaitingTask|DEBUG|[START]
2021-10-06 00:14:40,215|azureml._SubmittedRun#mslearn-diabetes_1633479214_9b084b75.RunHistoryFacade.ArtifactsClient.upload_files.0_perform_upload.WaitingTask|DEBUG|Awaiter is upload_files
2021-10-06 00:14:40,215|azureml._SubmittedRun#mslearn-diabetes_1633479214_9b084b75.RunHistoryFacade.ArtifactsClient.upload_files.0_perform_upload.WaitingTask|DEBUG|[STOP]
2021-10-06 00:14:40,215|azureml._SubmittedRun#mslearn-diabetes_1633479214_9b084b75.RunHistoryFacade.ArtifactsClient.upload_files|DEBUG|Waiting on task: 0_perform_upload.
1 tasks left. Current duration of flush 8.082389831542969e-05 seconds.

2021-10-06 00:14:40,215|azureml._SubmittedRun#mslearn-diabetes_1633479214_9b084b75.RunHistoryFacade.ArtifactsClient.upload_files.WaitFlushSource:upload_files|DEBUG|[STOP]
2021-10-06 00:14:40,215|azureml.TrackFolders|DEBUG|[STOP]
2021-10-06 00:14:40,216|azureml._history.utils.context_managers|DEBUG|exiting ContentUploader, waiting for file_watcher to finish upload...
2021-10-06 00:14:40,216|azureml._history.utils.context_managers.FileWatcher|DEBUG|FileWatcher called finish, setting event
2021-10-06 00:14:40,216|azureml._history.utils.context_managers.FileWatcher|DEBUG|FileWatcher received exit event, getting current_stat
2021-10-06 00:14:40,216|azureml._history.utils.context_managers.FileWatcher.UploadQueue.WorkerPool|DEBUG|submitting future: result
2021-10-06 00:14:40,216|azureml._history.utils.context_managers.FileWatcher.UploadQueue.1_result|DEBUG|Using basic handler - no exception handling
2021-10-06 00:14:40,217|azureml._history.utils.context_managers.FileWatcher.UploadQueue|DEBUG|Adding task 1_result to queue of approximate size: 1
2021-10-06 00:14:40,217|azureml._history.utils.context_managers.FileWatcher|DEBUG|FileWatcher retrieved current_stat, will upload to current_stat
2021-10-06 00:14:40,217|azureml._history.utils.context_managers.FileWatcher|DEBUG|FileWatcher uploading files to current_stat...
2021-10-06 00:14:40,217|azureml._history.utils.context_managers.FileWatcher|DEBUG|FileWatcher uploading files to current_stat...
2021-10-06 00:14:40,221|azureml._history.utils.context_managers.FileWatcher|DEBUG|FileWatcher uploading files to current_stat...
2021-10-06 00:14:40,221|azureml._history.utils.context_managers.FileWatcher|DEBUG|FileWatcher uploading files to current_stat...
2021-10-06 00:14:40,221|azureml._history.utils.context_managers.FileWatcher|DEBUG|FileWatcher uploading files to current_stat...
2021-10-06 00:14:40,221|azureml._history.utils.context_managers.FileWatcher|DEBUG|FileWatcher uploading files to current_stat...
2021-10-06 00:14:40,222|azureml._history.utils.context_managers.FileWatcher|DEBUG|FileWatcher uploading files to current_stat...
2021-10-06 00:14:40,222|azureml._history.utils.context_managers.FileWatcher|DEBUG|FileWatcher uploading files to current_stat...
2021-10-06 00:14:40,222|azureml._history.utils.context_managers.FileWatcher|DEBUG|FileWatcher uploading files to current_stat...
2021-10-06 00:14:40,222|azureml._history.utils.context_managers.FileWatcher|DEBUG|FileWatcher uploading files to current_stat...
2021-10-06 00:14:40,222|azureml._history.utils.context_managers.FileWatcher|DEBUG|FileWatcher uploading files to current_stat...
2021-10-06 00:14:40,222|azureml._history.utils.context_managers.FileWatcher|DEBUG|FileWatcher uploading files to current_stat...
2021-10-06 00:14:40,222|azureml._history.utils.context_managers.FileWatcher|DEBUG|FileWatcher uploading files to current_stat...
2021-10-06 00:14:40,222|azureml._history.utils.context_managers.FileWatcher|DEBUG|FileWatcher uploading files to current_stat...
2021-10-06 00:14:40,222|azureml._history.utils.context_managers.FileWatcher|DEBUG|FileWatcher uploading files to current_stat...
2021-10-06 00:14:40,223|azureml._history.utils.context_managers.FileWatcher|DEBUG|FileWatcher uploading files to current_stat...
2021-10-06 00:14:40,223|azureml._history.utils.context_managers.FileWatcher|DEBUG|FileWatcher uploading files to current_stat...
2021-10-06 00:14:40,223|azureml._history.utils.context_managers.FileWatcher|DEBUG|FileWatcher uploading files to current_stat...
2021-10-06 00:14:40,223|azureml._history.utils.context_managers.FileWatcher|DEBUG|FileWatcher uploading files to current_stat...
2021-10-06 00:14:40,223|azureml._history.utils.context_managers.FileWatcher|DEBUG|FileWatcher uploading files to current_stat...
2021-10-06 00:14:40,223|azureml._history.utils.context_managers.FileWatcher|DEBUG|FileWatcher uploading files to current_stat...
2021-10-06 00:14:40,223|azureml._history.utils.context_managers.FileWatcher|DEBUG|FileWatcher uploading files to current_stat...
2021-10-06 00:14:40,223|azureml._history.utils.context_managers.FileWatcher|DEBUG|FileWatcher uploading files to current_stat...
2021-10-06 00:14:40,223|azureml._history.utils.context_managers.FileWatcher|DEBUG|FileWatcher uploading files to current_stat...
2021-10-06 00:14:40,224|azureml._history.utils.context_managers.FileWatcher|DEBUG|FileWatcher uploading files to current_stat...
2021-10-06 00:14:40,224|azureml._history.utils.context_managers.FileWatcher|DEBUG|FileWatcher uploading files to current_stat...
2021-10-06 00:14:40,224|azureml._history.utils.context_managers.FileWatcher|DEBUG|FileWatcher uploading files to current_stat...
2021-10-06 00:14:40,224|azureml._history.utils.context_managers.FileWatcher|DEBUG|FileWatcher uploading files to current_stat...
2021-10-06 00:14:40,224|azureml._history.utils.context_managers.FileWatcher|DEBUG|FileWatcher uploading files to current_stat...
2021-10-06 00:14:40,224|azureml._history.utils.context_managers.FileWatcher|DEBUG|FileWatcher uploading files to current_stat...
2021-10-06 00:14:40,224|azureml._history.utils.context_managers.FileWatcher|DEBUG|FileWatcher uploading files to current_stat...
2021-10-06 00:14:40,224|azureml._history.utils.context_managers.FileWatcher|DEBUG|FileWatcher uploading files to current_stat...
2021-10-06 00:14:40,224|azureml._history.utils.context_managers.FileWatcher|DEBUG|FileWatcher uploading files to current_stat...
2021-10-06 00:14:40,225|azureml._history.utils.context_managers.FileWatcher|DEBUG|FileWatcher uploading files to current_stat...
2021-10-06 00:14:40,225|azureml._history.utils.context_managers.FileWatcher|DEBUG|FileWatcher uploading files to current_stat...
2021-10-06 00:14:40,225|azureml._history.utils.context_managers.FileWatcher|DEBUG|FileWatcher uploading files to current_stat...
2021-10-06 00:14:40,225|azureml._history.utils.context_managers.FileWatcher|DEBUG|FileWatcher uploading files to current_stat...
2021-10-06 00:14:40,225|azureml._history.utils.context_managers.FileWatcher|DEBUG|FileWatcher uploading files to current_stat...
2021-10-06 00:14:40,225|azureml._history.utils.context_managers.FileWatcher|DEBUG|FileWatcher uploading files to current_stat...
2021-10-06 00:14:40,225|azureml._history.utils.context_managers.FileWatcher|DEBUG|FileWatcher uploading files to current_stat...
2021-10-06 00:14:40,225|azureml._history.utils.context_managers.FileWatcher|DEBUG|FileWatcher uploading files to current_stat...
2021-10-06 00:14:40,225|azureml._history.utils.context_managers.FileWatcher|DEBUG|FileWatcher uploading files to current_stat...
2021-10-06 00:14:40,226|azureml._history.utils.context_managers.FileWatcher|DEBUG|FileWatcher uploading files to current_stat...
2021-10-06 00:14:40,226|azureml._history.utils.context_managers.FileWatcher|DEBUG|FileWatcher uploading files to current_stat...
2021-10-06 00:14:40,226|azureml._history.utils.context_managers.FileWatcher|DEBUG|FileWatcher uploading files to current_stat...
2021-10-06 00:14:40,226|azureml._history.utils.context_managers.FileWatcher|DEBUG|FileWatcher uploading files to current_stat...
2021-10-06 00:14:40,226|azureml._history.utils.context_managers.FileWatcher|DEBUG|FileWatcher uploading files to current_stat...
2021-10-06 00:14:40,226|azureml._history.utils.context_managers.FileWatcher|DEBUG|FileWatcher uploading files to current_stat...
2021-10-06 00:14:40,226|azureml._history.utils.context_managers.FileWatcher|DEBUG|FileWatcher uploading files to current_stat...
2021-10-06 00:14:40,226|azureml._history.utils.context_managers.FileWatcher|DEBUG|FileWatcher uploading files to current_stat...
2021-10-06 00:14:40,226|azureml._history.utils.context_managers.FileWatcher|DEBUG|FileWatcher uploading files to current_stat...
2021-10-06 00:14:40,227|azureml._history.utils.context_managers.FileWatcher|DEBUG|FileWatcher uploading files to current_stat...
2021-10-06 00:14:40,227|azureml._history.utils.context_managers.FileWatcher|DEBUG|FileWatcher uploading files to current_stat...
2021-10-06 00:14:40,227|azureml._history.utils.context_managers.FileWatcher|DEBUG|FileWatcher uploading files to current_stat...
2021-10-06 00:14:40,227|azureml._history.utils.context_managers.FileWatcher|DEBUG|FileWatcher uploading files to current_stat...
2021-10-06 00:14:40,227|azureml._history.utils.context_managers.FileWatcher|DEBUG|FileWatcher uploading files to current_stat...
2021-10-06 00:14:40,227|azureml._history.utils.context_managers.FileWatcher|DEBUG|FileWatcher uploading files to current_stat...
2021-10-06 00:14:40,227|azureml._history.utils.context_managers.FileWatcher|DEBUG|FileWatcher uploading files to current_stat...
2021-10-06 00:14:40,227|azureml._history.utils.context_managers.FileWatcher|DEBUG|FileWatcher uploading files to current_stat...
2021-10-06 00:14:40,227|azureml._history.utils.context_managers.FileWatcher|DEBUG|FileWatcher uploading files to current_stat...
2021-10-06 00:14:40,228|azureml._history.utils.context_managers.FileWatcher|DEBUG|FileWatcher uploading files to current_stat...
2021-10-06 00:14:40,228|azureml._history.utils.context_managers.FileWatcher|DEBUG|FileWatcher uploading files to current_stat...
2021-10-06 00:14:40,228|azureml._history.utils.context_managers.FileWatcher|DEBUG|FileWatcher uploading files to current_stat...
2021-10-06 00:14:40,228|azureml._history.utils.context_managers.FileWatcher|DEBUG|FileWatcher uploading files to current_stat...
2021-10-06 00:14:40,228|azureml._history.utils.context_managers.FileWatcher|DEBUG|FileWatcher uploading files to current_stat...
2021-10-06 00:14:40,228|azureml._history.utils.context_managers.FileWatcher|DEBUG|FileWatcher uploading files to current_stat...
2021-10-06 00:14:40,228|azureml._history.utils.context_managers.FileWatcher|DEBUG|FileWatcher uploading files to current_stat...
2021-10-06 00:14:40,228|azureml._history.utils.context_managers.FileWatcher|DEBUG|FileWatcher uploading files to current_stat...
2021-10-06 00:14:40,228|azureml._history.utils.context_managers.FileWatcher|DEBUG|FileWatcher uploading files to current_stat...
2021-10-06 00:14:40,228|azureml._history.utils.context_managers.FileWatcher|DEBUG|FileWatcher uploading files to current_stat...
2021-10-06 00:14:40,229|azureml._history.utils.context_managers.FileWatcher|DEBUG|FileWatcher uploading files to current_stat...
2021-10-06 00:14:40,229|azureml._history.utils.context_managers.FileWatcher|DEBUG|FileWatcher uploading files to current_stat...
2021-10-06 00:14:40,229|azureml._history.utils.context_managers.FileWatcher|DEBUG|FileWatcher uploading files to current_stat...
2021-10-06 00:14:40,229|azureml._history.utils.context_managers.FileWatcher|DEBUG|FileWatcher uploading files to current_stat...
2021-10-06 00:14:40,229|azureml._history.utils.context_managers.FileWatcher|DEBUG|FileWatcher uploading files to current_stat...
2021-10-06 00:14:40,229|azureml._history.utils.context_managers.FileWatcher|DEBUG|FileWatcher uploading files to current_stat...
2021-10-06 00:14:40,229|azureml._history.utils.context_managers.FileWatcher|DEBUG|FileWatcher uploading files to current_stat...
2021-10-06 00:14:40,229|azureml._history.utils.context_managers.FileWatcher|DEBUG|FileWatcher uploading files to current_stat...
2021-10-06 00:14:40,229|azureml._history.utils.context_managers.FileWatcher|DEBUG|FileWatcher uploading files to current_stat...
2021-10-06 00:14:40,230|azureml._history.utils.context_managers.FileWatcher|DEBUG|FileWatcher uploading files to current_stat...
2021-10-06 00:14:40,230|azureml._history.utils.context_managers.FileWatcher|DEBUG|FileWatcher uploading files to current_stat...
2021-10-06 00:14:40,230|azureml._history.utils.context_managers.FileWatcher|DEBUG|FileWatcher uploading files to current_stat...
2021-10-06 00:14:40,230|azureml._history.utils.context_managers.FileWatcher|DEBUG|FileWatcher uploading files to current_stat...
2021-10-06 00:14:40,230|azureml._history.utils.context_managers.FileWatcher|DEBUG|FileWatcher uploading files to current_stat...
2021-10-06 00:14:40,230|azureml._history.utils.context_managers.FileWatcher|DEBUG|FileWatcher uploading files to current_stat...
2021-10-06 00:14:40,230|azureml._history.utils.context_managers.FileWatcher|DEBUG|FileWatcher uploading files to current_stat...
2021-10-06 00:14:40,230|azureml._history.utils.context_managers.FileWatcher|DEBUG|FileWatcher uploading files to current_stat...
2021-10-06 00:14:40,230|azureml._history.utils.context_managers.FileWatcher|DEBUG|FileWatcher uploading files to current_stat...
2021-10-06 00:14:40,231|azureml._history.utils.context_managers.FileWatcher|DEBUG|FileWatcher uploading files to current_stat...
2021-10-06 00:14:40,231|azureml._history.utils.context_managers.FileWatcher|DEBUG|FileWatcher uploading files to current_stat...
2021-10-06 00:14:40,231|azureml._history.utils.context_managers.FileWatcher|DEBUG|FileWatcher uploading files to current_stat...
2021-10-06 00:14:40,231|azureml._history.utils.context_managers.FileWatcher|DEBUG|FileWatcher uploading files to current_stat...
2021-10-06 00:14:40,231|azureml._history.utils.context_managers.FileWatcher|DEBUG|FileWatcher uploading files to current_stat...
2021-10-06 00:14:40,231|azureml._history.utils.context_managers.FileWatcher|DEBUG|FileWatcher uploading files to current_stat...
2021-10-06 00:14:40,231|azureml._history.utils.context_managers.FileWatcher|DEBUG|FileWatcher uploading files to current_stat...
2021-10-06 00:14:40,231|azureml._history.utils.context_managers.FileWatcher|DEBUG|FileWatcher uploading files to current_stat...
2021-10-06 00:14:40,231|azureml._history.utils.context_managers.FileWatcher|DEBUG|FileWatcher uploading files to current_stat...
2021-10-06 00:14:40,232|azureml._history.utils.context_managers.FileWatcher|DEBUG|FileWatcher uploading files to current_stat...
2021-10-06 00:14:40,232|azureml._history.utils.context_managers.FileWatcher|DEBUG|FileWatcher uploading files to current_stat...
2021-10-06 00:14:40,232|azureml._history.utils.context_managers.FileWatcher|DEBUG|FileWatcher uploading files to current_stat...
2021-10-06 00:14:40,232|azureml._history.utils.context_managers.FileWatcher|DEBUG|FileWatcher uploading files to current_stat...
2021-10-06 00:14:40,232|azureml._history.utils.context_managers.FileWatcher|DEBUG|FileWatcher uploading files to current_stat...
2021-10-06 00:14:40,232|azureml._history.utils.context_managers.FileWatcher|DEBUG|FileWatcher uploading files to current_stat...
2021-10-06 00:14:40,233|azureml._history.utils.context_managers.FileWatcher.UploadQueue.WorkerPool|DEBUG|submitting future: result
2021-10-06 00:14:40,234|azureml._history.utils.context_managers.FileWatcher.UploadQueue.2_result|DEBUG|Using basic handler - no exception handling
2021-10-06 00:14:40,234|azureml._history.utils.context_managers.FileWatcher.UploadQueue|DEBUG|Adding task 2_result to queue of approximate size: 2
2021-10-06 00:14:40,234|azureml._history.utils.context_managers.FileWatcher|DEBUG|FileWatcher finished uploading to current_stat, finishing task queue
2021-10-06 00:14:40,234|azureml._history.utils.context_managers.FileWatcher.UploadQueue|DEBUG|[Stop] - waiting default timeout
2021-10-06 00:14:40,234|azureml._history.utils.context_managers.FileWatcher.UploadQueue.WaitFlushSource:UploadQueue|DEBUG|[START]
2021-10-06 00:14:40,234|azureml._history.utils.context_managers.FileWatcher.UploadQueue.WaitFlushSource:UploadQueue|DEBUG|Overriding default flush timeout from None to 120
2021-10-06 00:14:40,234|azureml._history.utils.context_managers.FileWatcher.UploadQueue.WaitFlushSource:UploadQueue|DEBUG|Waiting 120 seconds on tasks: [AsyncTask(0_result), AsyncTask(1_result), AsyncTask(2_result)].
2021-10-06 00:14:40,234|azureml._history.utils.context_managers.FileWatcher.UploadQueue.0_result.WaitingTask|DEBUG|[START]
2021-10-06 00:14:40,234|azureml._history.utils.context_managers.FileWatcher.UploadQueue.0_result.WaitingTask|DEBUG|Awaiter is UploadQueue
2021-10-06 00:14:40,234|azureml._history.utils.context_managers.FileWatcher.UploadQueue.0_result.WaitingTask|DEBUG|[STOP]
2021-10-06 00:14:40,234|azureml._history.utils.context_managers.FileWatcher.UploadQueue.1_result.WaitingTask|DEBUG|[START]
2021-10-06 00:14:40,234|azureml._history.utils.context_managers.FileWatcher.UploadQueue.1_result.WaitingTask|DEBUG|Awaiter is UploadQueue
2021-10-06 00:14:40,234|azureml._history.utils.context_managers.FileWatcher.UploadQueue.1_result.WaitingTask|DEBUG|[STOP]
2021-10-06 00:14:40,485|azureml._history.utils.context_managers.FileWatcher.UploadQueue.2_result.WaitingTask|DEBUG|[START]
2021-10-06 00:14:40,485|azureml._history.utils.context_managers.FileWatcher.UploadQueue.2_result.WaitingTask|DEBUG|Awaiter is UploadQueue
2021-10-06 00:14:40,485|azureml._history.utils.context_managers.FileWatcher.UploadQueue.2_result.WaitingTask|DEBUG|[STOP]
2021-10-06 00:14:40,485|azureml._history.utils.context_managers.FileWatcher.UploadQueue|DEBUG|Waiting on task: 2_result.
1 tasks left. Current duration of flush 0.00031638145446777344 seconds.

2021-10-06 00:14:40,485|azureml._history.utils.context_managers.FileWatcher.UploadQueue.WaitFlushSource:UploadQueue|DEBUG|[STOP]
